<?xml version="1.0" encoding="UTF-8"?>
<!-- Generated by org.testng.reporters.JUnitReportReporter -->
<testsuite hostname="DESKTOP-AHTNAD1" failures="0" tests="2" name="APITest.SearchKeywordTest" time="0.798" errors="0" timestamp="2022-01-08T02:14:48 IST" skipped="0">
  <testcase classname="APITest.SearchKeywordTest" name="searchWithInValidKeyword" time="0.661"/>
  <system-out/>
  <testcase classname="APITest.SearchKeywordTest" name="searchWithValidKeyword" time="0.137"/>
  <system-out/>
</testsuite> <!-- APITest.SearchKeywordTest -->
