<?xml version="1.0" encoding="UTF-8"?>
<!-- Generated by org.testng.reporters.JUnitReportReporter -->
<testsuite hostname="DESKTOP-AHTNAD1" failures="0" tests="1" name="API.LoginTest" time="2.817" errors="0" timestamp="2022-01-08T01:53:38 IST" skipped="0">
  <testcase classname="API.LoginTest" name="LoginTestResponse" time="2.817"/>
  <system-out/>
</testsuite> <!-- API.LoginTest -->
