<?xml version="1.0" encoding="UTF-8"?>
<!-- Generated by org.testng.reporters.JUnitReportReporter -->
<testsuite hostname="DESKTOP-AHTNAD1" failures="0" tests="1" name="API.ManifestTest" time="3.087" errors="0" timestamp="2022-01-07T22:05:13 IST" skipped="0">
  <testcase classname="API.ManifestTest" name="testManifestJson" time="3.087"/>
  <system-out/>
</testsuite> <!-- API.ManifestTest -->
