<?xml version="1.0" encoding="UTF-8"?>
<!-- Generated by org.testng.reporters.JUnitReportReporter -->
<testsuite hostname="DESKTOP-AHTNAD1" failures="0" tests="1" name="API.LoginTestWithPojoImplementation" time="3.534" errors="0" timestamp="2022-01-08T01:51:36 IST" skipped="0">
  <testcase classname="API.LoginTestWithPojoImplementation" name="loginresponse" time="3.534"/>
  <system-out/>
</testsuite> <!-- API.LoginTestWithPojoImplementation -->
