<?xml version="1.0" encoding="UTF-8"?>
<!-- Generated by org.testng.reporters.JUnitReportReporter -->
<testsuite hostname="DESKTOP-AHTNAD1" failures="0" tests="1" name="APITest.ManifestTest" time="0.241" errors="0" timestamp="2022-01-08T02:14:48 IST" skipped="0">
  <testcase classname="APITest.ManifestTest" name="testManifestJson" time="0.241"/>
  <system-out/>
</testsuite> <!-- APITest.ManifestTest -->
