<?xml version="1.0" encoding="UTF-8"?>
<!-- Generated by org.testng.reporters.JUnitReportReporter -->
<testsuite hostname="DESKTOP-AHTNAD1" failures="0" tests="1" name="APITest.LoginTest" time="0.516" errors="0" timestamp="2022-01-08T02:14:48 IST" skipped="0">
  <testcase classname="APITest.LoginTest" name="LoginTestResponse" time="0.516"/>
  <system-out/>
</testsuite> <!-- APITest.LoginTest -->
