<?xml version="1.0" encoding="UTF-8"?>
<!-- Generated by org.testng.reporters.JUnitReportReporter -->
<testsuite hostname="DESKTOP-AHTNAD1" failures="0" tests="2" name="API.SearchKeywordTest" time="2.218" errors="0" timestamp="2022-01-08T01:39:19 IST" skipped="0">
  <testcase classname="API.SearchKeywordTest" name="searchWithInValidKeyword" time="2.085"/>
  <system-out/>
  <testcase classname="API.SearchKeywordTest" name="searchWithValidKeyword" time="0.133"/>
  <system-out/>
</testsuite> <!-- API.SearchKeywordTest -->
