<?xml version="1.0" encoding="UTF-8"?>
<!-- Generated by org.testng.reporters.JUnitReportReporter -->
<testsuite hostname="DESKTOP-AHTNAD1" failures="0" tests="1" name="API.LoginTestPojo" time="2.915" errors="0" timestamp="2022-01-07T22:32:51 IST" skipped="0">
  <testcase classname="API.LoginTestPojo" name="loginresponse" time="2.915"/>
  <system-out/>
</testsuite> <!-- API.LoginTestPojo -->
